<?xml version="1.0" encoding="UTF-8"?><testsuite errors="0" failures="0" name="com.studentapp.studentinfo.StudentCRUDTestWithSteps" skipped="0" tests="4" time="3.61" timestamp="2023-03-02T00:10:07.088Z[Europe/London]"><testcase classname="com.studentapp.studentinfo.StudentCRUDTestWithSteps" name="This will create a new student"/><testcase classname="com.studentapp.studentinfo.StudentCRUDTestWithSteps" name="verify if student is created"/><testcase classname="com.studentapp.studentinfo.StudentCRUDTestWithSteps" name="update the user information"/><testcase classname="com.studentapp.studentinfo.StudentCRUDTestWithSteps" name="Delete student info by StudentID and verify its deleted"/></testsuite>